<?xml version="1.0" encoding="UTF-8"?>
<!-- Generated by org.testng.reporters.JUnitXMLReporter -->
<testsuite hostname="DESKTOP-AEEGSIK" ignored="0" name="Sprint 2" tests="3" failures="0" timestamp="07 Jun 2019 03:00:10 GMT" time="0.112" errors="0">
  <testcase name="@BeforeClass setUp" time="0.069" classname="com.class02.SmartbearsoftwareExample">
    <failure type="java.lang.IllegalStateException" message="The driver executable does not exist: C:\Users\Owner\eclipse-workspace\hakan\TestNgBasics\src\drivers\chromedriver">
      <![CDATA[java.lang.IllegalStateException: The driver executable does not exist: C:\Users\Owner\eclipse-workspace\hakan\TestNgBasics\src\drivers\chromedriver
at com.google.common.base.Preconditions.checkState(Preconditions.java:585)
at org.openqa.selenium.remote.service.DriverService.checkExecutable(DriverService.java:146)
at org.openqa.selenium.remote.service.DriverService.findExecutable(DriverService.java:141)
at org.openqa.selenium.chrome.ChromeDriverService.access$000(ChromeDriverService.java:35)
at org.openqa.selenium.chrome.ChromeDriverService$Builder.findDefaultExecutable(ChromeDriverService.java:159)
at org.openqa.selenium.remote.service.DriverService$Builder.build(DriverService.java:355)
at org.openqa.selenium.chrome.ChromeDriverService.createDefaultService(ChromeDriverService.java:94)
at org.openqa.selenium.chrome.ChromeDriver.<init>(ChromeDriver.java:123)
at utils.CommonMethods.setUpDriver(CommonMethods.java:36)
at com.class02.SmartbearsoftwareExample.setUp(SmartbearsoftwareExample.java:16)
... Removed 26 stack frames]]>
    </failure>
  </testcase> <!-- @BeforeClass setUp -->
  <testcase name="@AfterClass closed" time="0.0" classname="com.class02.SmartbearsoftwareExample">
    <skipped/>
  </testcase> <!-- @AfterClass closed -->
  <testcase name="loginScreenTitle" time="0.0" classname="com.class02.SmartbearsoftwareExample">
    <skipped/>
  </testcase> <!-- loginScreenTitle -->
  <testcase name="login" time="0.0" classname="com.class02.SmartbearsoftwareExample">
    <skipped/>
  </testcase> <!-- login -->
  <testcase name="webOrders" time="0.0" classname="com.class02.SmartbearsoftwareExample">
    <skipped/>
  </testcase> <!-- webOrders -->
</testsuite> <!-- Sprint 2 -->
