<?xml version="1.0" encoding="UTF-8"?>
<!-- Generated by org.testng.reporters.JUnitXMLReporter -->
<testsuite hostname="DESKTOP-AEEGSIK" ignored="2" name="Sprint 1" tests="5" failures="0" timestamp="07 Jun 2019 08:48:02 GMT" time="8.192" errors="0">
  <testcase name="second" time="0.012" classname="com.class02.EnableAndDisable"/>
  <testcase name="loginScreenTitle" time="0.015" classname="com.class02.SmartbearsoftwareExample"/>
  <testcase name="forth" time="0.003" classname="com.class02.EnableAndDisable"/>
  <testcase name="login" time="0.801" classname="com.class02.SmartbearsoftwareExample"/>
  <testcase name="webOrders" time="0.074" classname="com.class02.SmartbearsoftwareExample"/>
  <testcase name="third" time="0.0" classname="com.class02.EnableAndDisable">
    <ignored/>
  </testcase> <!-- third -->
  <testcase name="first" time="0.0" classname="com.class02.EnableAndDisable">
    <ignored/>
  </testcase> <!-- first -->
</testsuite> <!-- Sprint 1 -->
