<?xml version="1.0" encoding="UTF-8"?>
<!-- Generated by org.testng.reporters.JUnitXMLReporter -->
<testsuite hostname="DESKTOP-AEEGSIK" ignored="0" name="Test" tests="3" failures="0" timestamp="02 Jul 2019 16:14:56 GMT" time="23.86" errors="0">
  <testcase name="doLogin" time="3.797" classname="com.syntax.testcases.LoginPageTest"/>
  <testcase name="loginToOrangeHRM" time="1.682" classname="com.syntax.testcases.LoginPageTest"/>
  <testcase name="negativeLogin" time="1.719" classname="com.syntax.testcases.LoginPageTest"/>
</testsuite> <!-- Test -->
