<?xml version="1.0" encoding="UTF-8"?>
<!-- Generated by org.testng.reporters.JUnitXMLReporter -->
<testsuite hostname="DESKTOP-AEEGSIK" ignored="0" name="groupTest" tests="4" failures="0" timestamp="07 Jun 2019 08:54:22 GMT" time="0.049" errors="0">
  <testcase name="Four" time="0.005" classname="com.class03.GroupsExample"/>
  <testcase name="Three" time="0.003" classname="com.class03.GroupsExample"/>
  <testcase name="Two" time="0.001" classname="com.class03.GroupsExample"/>
  <testcase name="one" time="0.001" classname="com.class03.GroupsExample"/>
</testsuite> <!-- groupTest -->
